Removed Pin From Net: NetName=VCC Pin=C1-1
Removed Pin From Net: NetName=GND Pin=C1-2
Removed Member From Class: ClassName=FCStellarisSCH Member=*
Change Component DesignItemId : Designator=C1 Old DesignItemId=Cap Pol3 New DesignItemId=Cap
Change Component Footprint: Designator=C1 Old Footprint=C0805 New Footprint=RAD-0.3
Change Component Comment : Designator=C1 Old Comment=Cap Pol3 New Comment=Cap
Added Component: Designator=C2(RAD-0.3)
Added Component: Designator=C3(C0805)
Added Component: Designator=C4(RAD-0.3)
Added Component: Designator=R?(Capacitor 0805)
Added Component: Designator=U4(QFN80P500X300X80-14N)
Added Pin To Net: NetName=GND Pin=C2-2
Added Pin To Net: NetName=VCC Pin=C3-1
Added Pin To Net: NetName=GND Pin=C3-2
Added Pin To Net: NetName=GND Pin=C4-2
Added Pin To Net: NetName=GND Pin=R?-2
Added Pin To Net: NetName=GND Pin=U1-4
Added Pin To Net: NetName=GND Pin=U1-10
Added Pin To Net: NetName=GND Pin=U1-13
Added Pin To Net: NetName=GND Pin=U1-24
Added Pin To Net: NetName=GND Pin=U1-29
Added Pin To Net: NetName=GND Pin=U1-34
Added Pin To Net: NetName=GND Pin=U1-36
Added Pin To Net: NetName=GND Pin=U1-37
Added Pin To Net: NetName=GND Pin=U1-39
Added Pin To Net: NetName=GND Pin=U1-44
Added Pin To Net: NetName=GND Pin=U1-53
Added Pin To Net: NetName=GND Pin=U1-60
Added Pin To Net: NetName=GND Pin=U3-8
Added Pin To Net: NetName=GND Pin=U3-9
Added Pin To Net: NetName=GND Pin=U3-10
Added Pin To Net: NetName=GND Pin=U3-11
Added Pin To Net: NetName=GND Pin=U3-12
Added Pin To Net: NetName=GND Pin=U3-13
Added Pin To Net: NetName=3V3 Pin=U1-12
Added Pin To Net: NetName=3V3 Pin=U1-28
Added Pin To Net: NetName=3V3 Pin=U1-43
Added Pin To Net: NetName=3V3 Pin=U1-59
Added Pin To Net: NetName=3V3 Pin=U2-2
Added Pin To Net: NetName=3V3 Pin=U3-1
Added Pin To Net: NetName=3V3 Pin=U3-15
Added Pin To Net: NetName=3V3 Pin=U3-16
Added Net: Name=3V3
Added Pin To Net: NetName=ADC0 Pin=U1-1
Added Net: Name=ADC0
Added Pin To Net: NetName=ADC1 Pin=U1-2
Added Net: Name=ADC1
Added Pin To Net: NetName=ADC2 Pin=U1-5
Added Net: Name=ADC2
Added Pin To Net: NetName=ADC3 Pin=U1-6
Added Net: Name=ADC3
Added Pin To Net: NetName=ADC4 Pin=U1-64
Added Net: Name=ADC4
Added Pin To Net: NetName=ADC5 Pin=U1-63
Added Net: Name=ADC5
Added Pin To Net: NetName=DRDY Pin=U3-6
Added Net: Name=DRDY
Added Pin To Net: NetName=GYRO_CS Pin=U1-20
Added Pin To Net: NetName=GYRO_CS Pin=U3-5
Added Net: Name=GYRO_CS
Added Pin To Net: NetName=INT1 Pin=U3-7
Added Net: Name=INT1
Added Pin To Net: NetName=NetC1_1 Pin=C1-1
Added Pin To Net: NetName=NetC1_1 Pin=C2-1
Added Pin To Net: NetName=NetC1_1 Pin=U3-14
Added Net: Name=NetC1_1
Added Pin To Net: NetName=NetC1_2 Pin=C1-2
Added Pin To Net: NetName=NetC1_2 Pin=R?-1
Added Net: Name=NetC1_2
Added Pin To Net: NetName=PPMOUT0 Pin=U1-61
Added Net: Name=PPMOUT0
Added Pin To Net: NetName=PPMOUT1 Pin=U1-62
Added Net: Name=PPMOUT1
Added Pin To Net: NetName=PPMOUT2 Pin=U1-41
Added Net: Name=PPMOUT2
Added Pin To Net: NetName=PPMOUT3 Pin=U1-42
Added Net: Name=PPMOUT3
Added Pin To Net: NetName=PPMOUT4 Pin=U1-25
Added Net: Name=PPMOUT4
Added Pin To Net: NetName=PPMOUT5 Pin=U1-26
Added Net: Name=PPMOUT5
Added Pin To Net: NetName=PPMOUT6 Pin=U1-11
Added Net: Name=PPMOUT6
Added Pin To Net: NetName=PPMOUT7 Pin=U1-15
Added Net: Name=PPMOUT7
Added Pin To Net: NetName=SCK Pin=U1-19
Added Pin To Net: NetName=SCK Pin=U3-2
Added Net: Name=SCK
Added Pin To Net: NetName=SDI Pin=U1-22
Added Pin To Net: NetName=SDI Pin=U3-3
Added Net: Name=SDI
Added Pin To Net: NetName=SDO Pin=U1-21
Added Pin To Net: NetName=SDO Pin=U3-4
Added Net: Name=SDO
Added Pin To Net: NetName=VDD25 Pin=C4-1
Added Pin To Net: NetName=VDD25 Pin=U1-7
Added Pin To Net: NetName=VDD25 Pin=U1-9
Added Pin To Net: NetName=VDD25 Pin=U1-23
Added Pin To Net: NetName=VDD25 Pin=U1-38
Added Pin To Net: NetName=VDD25 Pin=U1-54
Added Net: Name=VDD25
Added Member To Class: ClassName=FCStellarisSCH Member=Component C2 Cap
Added Member To Class: ClassName=FCStellarisSCH Member=Component C3 Cap Pol3
Added Member To Class: ClassName=FCStellarisSCH Member=Component C4 Cap
Added Member To Class: ClassName=FCStellarisSCH Member=Component R? Res1
Added Member To Class: ClassName=FCStellarisSCH Member=Component U3 L3G4200D
Added Member To Class: ClassName=FCStellarisSCH Member=Component U4 ADXL345
